Removed Pin From Net: NetName=VCC Pin=hd40-04
Removed Pin From Net: NetName=Nethd40_05 Pin=hd40-05
Removed Pin From Net: NetName=Nethd40_07 Pin=hd40-07
Removed Pin From Net: NetName=Nethd40_08 Pin=hd40-08
Removed Pin From Net: NetName=Nethd40_08 Pin=U1-19
Removed Pin From Net: NetName=Nethd40_06 Pin=U1-35
Removed Pin From Net: NetName=Nethd40_02 Pin=U1-41
Removed Pin From Net: NetName=Nethd40_05 Pin=U1-42
Removed Pin From Net: NetName=Nethd40_03 Pin=U1-44
Added Pin To Net: NetName=Nethd40_05 Pin=hd40-04
Added Pin To Net: NetName=VCC Pin=hd40-05
Added Pin To Net: NetName=Nethd40_08 Pin=hd40-07
Added Pin To Net: NetName=Nethd40_07 Pin=hd40-08
Added Pin To Net: NetName=Nethd40_02 Pin=U1-19
Added Pin To Net: NetName=Nethd40_08 Pin=U1-35
Added Pin To Net: NetName=Nethd40_03 Pin=U1-41
Added Pin To Net: NetName=Nethd40_06 Pin=U1-42
Added Pin To Net: NetName=Nethd40_05 Pin=U1-44
Change Net Name : Old Net Name=Nethd40_05 New Net Name=Nethd40_04
Change Net Name : Old Net Name=Nethd40_07 New Net Name=Nethd40_08
Change Net Name : Old Net Name=Nethd40_08 New Net Name=Nethd40_07
