Change Component Footprint: Designator=C2 Old Footprint=CAPACITOR 10MM 0.6MM PITCH 5MM New Footprint=1206[3216]
Added Component: Designator=C9(1608[0603])
Added Pin To Net: NetName=GND Pin=C9-1
Added Pin To Net: NetName=NetC9_2 Pin=C9-2
Added Pin To Net: NetName=GND Pin=MRF49XAmboard-1
Added Pin To Net: NetName=434RESET Pin=MRF49XAmboard-2
Added Pin To Net: NetName=868RESET Pin=MRF49XAmboard-2
Added Pin To Net: NetName=434WAKE Pin=MRF49XAmboard-3
Added Pin To Net: NetName=868WAKE Pin=MRF49XAmboard-3
Added Pin To Net: NetName=434INT Pin=MRF49XAmboard-4
Added Pin To Net: NetName=868INT Pin=MRF49XAmboard-4
Added Pin To Net: NetName=434SDO Pin=MRF49XAmboard-5
Added Pin To Net: NetName=868SDO Pin=MRF49XAmboard-5
Added Pin To Net: NetName=434SCK Pin=MRF49XAmboard-6
Added Pin To Net: NetName=868SCK Pin=MRF49XAmboard-6
Added Pin To Net: NetName=434SDI Pin=MRF49XAmboard-7
Added Pin To Net: NetName=868SDI Pin=MRF49XAmboard-7
Added Pin To Net: NetName=434CS Pin=MRF49XAmboard-8
Added Pin To Net: NetName=868CS Pin=MRF49XAmboard-8
Added Pin To Net: NetName=NetC11_2 Pin=MRF49XAmboard-10
Added Pin To Net: NetName=NetC12_2 Pin=MRF49XAmboard-10
Added Pin To Net: NetName=GND Pin=MRF49XAmboard-11
Added Pin To Net: NetName=GND Pin=MRF49XAmboard-12
Added Member To Class: ClassName=U_MCU Member=Component C9 Cap
Added Member To Class: ClassName=U_power_supply Member=Component C9 Cap
Added Member To Class: ClassName=U_power_supply Member=Component C10 Cap
Added Member To Class: ClassName=U_power_supply Member=Component J2_5V terminal block
Added Member To Class: ClassName=U_power_supply Member=Component J3_3.3V dc conn
Added Member To Class: ClassName=U_power_supply Member=Component L1 L
Added Member To Class: ClassName=U_power_supply Member=Component LED4r LED_SMD_Hg
Added Member To Class: ClassName=U_power_supply Member=Component LED5g LED_SMD_Hg
Added Member To Class: ClassName=U_power_supply Member=Component R14 Res1
Added Member To Class: ClassName=U_power_supply Member=Component SW1 switch vcc
Added Member To Class: ClassName=U_power_supply Member=Component  J1_microUSB
Added Member To Class: ClassName=U_power_supply Member=Component U2 MCP1603T-330I/OS
