Removed Pin From Net: NetName=VCC5.0_POWER Pin=conv3.3-3
Added Component: Designator=R16(1608[0603])
Added Component: Designator=R17(1608[0603])
Added Component: Designator=R18(1608[0603])
Added Component: Designator=sw_conv3.3(HDR1X3)
Added Pin To Net: NetName=NetPC_434_6 Pin=R16-1
Added Pin To Net: NetName=NetC12_2 Pin=R16-2
Added Pin To Net: NetName=NetPC_868_6 Pin=R17-1
Added Pin To Net: NetName=NetC13_2 Pin=R17-2
Added Pin To Net: NetName=NetPC_2400_6 Pin=R18-1
Added Pin To Net: NetName=NetC14_2 Pin=R18-2
Added Pin To Net: NetName=GND Pin=sw_conv3.3-1
Added Pin To Net: NetName=VCC5.0_POWER Pin=sw_conv3.3-3
Added Pin To Net: NetName=Netconv3.3_3 Pin=conv3.3-3
Added Pin To Net: NetName=Netconv3.3_3 Pin=sw_conv3.3-2
Added Net: Name=Netconv3.3_3
Added Member To Class: ClassName=U_power_supply Member=Component J3_3.6V dc conn
Added Member To Class: ClassName=U_transc_MIWI434 Member=Component R16 resistor
Added Member To Class: ClassName=U_transc_MIWI868 Member=Component R17 resistor
Added Member To Class: ClassName=U_transc_MIWI2400 Member=Component R18 resistor
Added Member To Class: ClassName=U_power_supply Member=Component sw_conv3.3 Header 3
Added Member To Class: ClassName=U_power_supply Member=Component  J1_microUSB
