Removed Pin From Net: NetName=VCC5.0_POWER Pin=-1
Removed Pin From Net: NetName=Net_2 Pin=-2
Removed Pin From Net: NetName=Net_3 Pin=-3
Removed Pin From Net: NetName=Net_4 Pin=-4
Removed Pin From Net: NetName=GND Pin=-5
Removed Pin From Net: NetName=GND Pin=-6
Removed Pin From Net: NetName=GND Pin=-6
Removed Pin From Net: NetName=GND Pin=-6
Removed Pin From Net: NetName=GND Pin=-6
Removed Pin From Net: NetName=GND Pin=-6
Removed Pin From Net: NetName=NetC12_2 Pin=C12-2
Removed Pin From Net: NetName=Net_3 Pin=hd40-12
Removed Pin From Net: NetName=Net_2 Pin=hd40-13
Removed Pin From Net: NetName=VCC Pin=R1-2
Removed Pin From Net: NetName=GND Pin=sw_VReg-1
Removed Pin From Net: NetName=Netconv3.3_3 Pin=sw_VReg-2
Removed Pin From Net: NetName=VCC5.0_POWER Pin=sw_VReg-3
Removed Pin From Net: NetName=Net_2 Pin=U1-56
Removed Pin From Net: NetName=Net_3 Pin=U1-57
Change Component Comment : Designator=MRF49XAmboard_868 Old Comment=868trans New Comment=MRF49XAmboard
Change Component Designator: OldDesignator=5V NewDesignator=LED4r
Change Component Designator: OldDesignator=GEN. NewDesignator=LED5g
Change Component Designator: OldDesignator=RST NewDesignator=s1_rst
Change Component Library : Designator=conv3.3 Old Library=agus_lib.IntLib New Library=PlacaBase_agus.SCHLIB
Change Component Library : Designator=hd40 Old Library=agus_lib.IntLib New Library=PlacaBase_agus.SCHLIB
Change Component Library : Designator=J2_5V Old Library=agus_lib.IntLib New Library=PlacaBase_agus.SCHLIB
Change Component Library : Designator=J3_3.6V Old Library=agus_lib.IntLib New Library=PlacaBase_agus.SCHLIB
Change Component Library : Designator=PC_434 Old Library=agus_lib.IntLib New Library=PlacaBase_agus.SCHLIB
Change Component Library : Designator=SW1 Old Library=agus_lib.IntLib New Library=PlacaBase_agus.SCHLIB
Change Component Library : Designator=MRF49XAmboard_434 Old Library=agus_lib.SchLib New Library=PlacaBase_agus.SCHLIB
Change Component Library : Designator=U1 Old Library=Microchip Microcontroller 32-Bit PIC32.IntLib New Library=PlacaBase_agus.SCHLIB
Added Pin To Net: NetName=Net_2 Pin=hd40-12
Added Pin To Net: NetName=Net_3 Pin=hd40-13
Added Pin To Net: NetName=Net_3 Pin=U1-56
Added Pin To Net: NetName=Net_2 Pin=U1-57
Change Net Name : Old Net Name=Net_2 New Net Name=Nethd40_12
Change Net Name : Old Net Name=Net_3 New Net Name=Nethd40_13
Change Net Name : Old Net Name=Net_4 New Net Name=Nethd40_06
Change Net Name : Old Net Name=NetC12_2 New Net Name=NetMRF49XAmboard_434_11
Change Class Name : Old Net Name=U_headers New Net Name=HEADERS
Change Class Name : Old Net Name=U_MCU New Net Name=MCU
Change Class Name : Old Net Name=U_oscillators New Net Name=OSCILLATORS
Change Class Name : Old Net Name=U_PGE New Net Name=PGE
Change Class Name : Old Net Name=U_power_supply New Net Name=POWER SUPPLY
Change Class Name : Old Net Name=U_transc_MIWI434 New Net Name=TRANS_434
Change Class Name : Old Net Name=U_transc_MIWI868 New Net Name=TRANS_868
Change Class Name : Old Net Name=U_transc_MIWI2400 New Net Name=TRANS_2400
Added Room: Name=HEADERS
Added Room: Name=MCU
Added Room: Name=OSCILLATORS
Added Room: Name=PGE
Added Room: Name=POWER SUPPLY
Added Room: Name=TRANS_434
Added Room: Name=TRANS_868
Added Room: Name=TRANS_2400
