Removed Pin From Net: NetName=Nethd40_04 Pin=hd40-04
Removed Pin From Net: NetName=VCC Pin=hd40-05
Removed Pin From Net: NetName=VCC Pin=hd40-20
Removed Pin From Net: NetName=Nethd40_23 Pin=hd40-23
Removed Pin From Net: NetName=VCC Pin=hd40-24
Removed Pin From Net: NetName=Nethd40_28 Pin=hd40-28
Removed Pin From Net: NetName=Nethd40_31 Pin=hd40-31
Removed Pin From Net: NetName=GND Pin=hd40-39
Removed Pin From Net: NetName=Nethd40_38 Pin=U1-3
Removed Pin From Net: NetName=Nethd40_37 Pin=U1-4
Removed Pin From Net: NetName=Nethd40_06 Pin=U1-5
Removed Pin From Net: NetName=Nethd40_04 Pin=U1-6
Removed Pin From Net: NetName=Nethd40_27 Pin=U1-10
Removed Pin From Net: NetName=Nethd40_25 Pin=U1-11
Removed Pin From Net: NetName=Nethd40_26 Pin=U1-12
Removed Pin From Net: NetName=Nethd40_28 Pin=U1-14
Removed Pin From Net: NetName=Nethd40_02 Pin=U1-21
Removed Pin From Net: NetName=Nethd40_32 Pin=U1-35
Removed Pin From Net: NetName=Nethd40_34 Pin=U1-41
Removed Pin From Net: NetName=Nethd40_33 Pin=U1-42
Removed Pin From Net: NetName=Nethd40_31 Pin=U1-68
Removed Pin From Net: NetName=Nethd40_21 Pin=U1-71
Removed Pin From Net: NetName=Nethd40_36 Pin=U1-83
Removed Pin From Net: NetName=Nethd40_23 Pin=U1-87
Removed Pin From Net: NetName=Nethd40_22 Pin=U1-88
Added Pin To Net: NetName=VCC Pin=hd40-04
Added Pin To Net: NetName=Nethd40_31 Pin=hd40-05
Added Pin To Net: NetName=Nethd40_23 Pin=hd40-20
Added Pin To Net: NetName=VCC Pin=hd40-23
Added Pin To Net: NetName=Nethd40_28 Pin=hd40-24
Added Pin To Net: NetName=VCC Pin=hd40-28
Added Pin To Net: NetName=GND Pin=hd40-31
Added Pin To Net: NetName=Nethd40_04 Pin=hd40-39
Added Pin To Net: NetName=Nethd40_04 Pin=U1-3
Added Pin To Net: NetName=Nethd40_38 Pin=U1-4
Added Pin To Net: NetName=Nethd40_37 Pin=U1-5
Added Pin To Net: NetName=Nethd40_36 Pin=U1-6
Added Pin To Net: NetName=Nethd40_26 Pin=U1-10
Added Pin To Net: NetName=Nethd40_28 Pin=U1-11
Added Pin To Net: NetName=Nethd40_25 Pin=U1-12
Added Pin To Net: NetName=Nethd40_27 Pin=U1-14
Added Pin To Net: NetName=Nethd40_34 Pin=U1-21
Added Pin To Net: NetName=Nethd40_06 Pin=U1-35
Added Pin To Net: NetName=Nethd40_02 Pin=U1-41
Added Pin To Net: NetName=Nethd40_31 Pin=U1-42
Added Pin To Net: NetName=Nethd40_32 Pin=U1-68
Added Pin To Net: NetName=Nethd40_23 Pin=U1-71
Added Pin To Net: NetName=Nethd40_33 Pin=U1-83
Added Pin To Net: NetName=Nethd40_22 Pin=U1-87
Added Pin To Net: NetName=Nethd40_21 Pin=U1-88
Change Net Name : Old Net Name=Nethd40_04 New Net Name=Nethd40_39
Change Net Name : Old Net Name=Nethd40_23 New Net Name=Nethd40_20
Change Net Name : Old Net Name=Nethd40_28 New Net Name=Nethd40_24
Change Net Name : Old Net Name=Nethd40_31 New Net Name=Nethd40_05
