Removed Member From Class: ClassName=chargerShield Member=ON
Change Component Footprint: Designator=R1 Old Footprint=AXIAL-0.4 New Footprint=1608[0603]
Change Component Footprint: Designator=R2 Old Footprint=AXIAL-0.4 New Footprint=1608[0603]
Change Component Comment : Designator=J1 Old Comment=Power New Comment=Power 12v
Added Component: Designator=LED_charge(0603[1608] pol)
Added Component: Designator=LED_full(0603[1608] pol)
Added Component: Designator=Q1(SOT23-6)
Added Component: Designator=R3(1608[0603])
Added Component: Designator=R4(1608[0603])
Added Component: Designator=R5(AXIAL-0.4)
Added Component: Designator=U2(SOIC-8)
Added Pin To Net: NetName=NetC1_1 Pin=U2-2
Added Pin To Net: NetName=GND Pin=C1-2
Added Pin To Net: NetName=GND Pin=J1-1
Added Pin To Net: NetName=GND Pin=R2-1
Added Pin To Net: NetName=GND Pin=R4-1
Added Pin To Net: NetName=GND Pin=R5-1
Added Pin To Net: NetName=GND Pin=U1-1
Added Pin To Net: NetName=GND Pin=U2-4
Added Net: Name=GND
Added Pin To Net: NetName=NetLED_charge_1 Pin=LED_charge-1
Added Pin To Net: NetName=NetLED_charge_1 Pin=LED_full-2
Added Pin To Net: NetName=NetLED_charge_1 Pin=Q1-3
Added Pin To Net: NetName=NetLED_charge_1 Pin=U2-7
Added Net: Name=NetLED_charge_1
Added Pin To Net: NetName=NetLED_charge_2 Pin=LED_charge-2
Added Pin To Net: NetName=NetLED_charge_2 Pin=R4-2
Added Net: Name=NetLED_charge_2
Added Pin To Net: NetName=NetLED_full_1 Pin=LED_full-1
Added Pin To Net: NetName=NetLED_full_1 Pin=R3-1
Added Net: Name=NetLED_full_1
Added Pin To Net: NetName=NetQ1_1 Pin=Q1-1
Added Pin To Net: NetName=NetQ1_1 Pin=Q1-2
Added Pin To Net: NetName=NetQ1_1 Pin=Q1-5
Added Pin To Net: NetName=NetQ1_1 Pin=Q1-6
Added Pin To Net: NetName=NetQ1_1 Pin=U1-3
Added Net: Name=NetQ1_1
Added Pin To Net: NetName=NetQ1_4 Pin=Q1-4
Added Pin To Net: NetName=NetQ1_4 Pin=R5-2
Added Net: Name=NetQ1_4
Added Pin To Net: NetName=NetR1_1 Pin=R1-1
Added Pin To Net: NetName=NetR1_1 Pin=R2-2
Added Pin To Net: NetName=NetR1_1 Pin=U2-3
Added Net: Name=NetR1_1
Added Pin To Net: NetName=VCC Pin=hd40-29
Added Pin To Net: NetName=VCC Pin=J1-2
Added Pin To Net: NetName=VCC Pin=R1-2
Added Pin To Net: NetName=VCC Pin=R3-2
Added Pin To Net: NetName=VCC Pin=U2-8
Added Net: Name=VCC
Added Member To Class: ClassName=chargerShield Member=Component LED_charge LED_SMD_Hg
Added Member To Class: ClassName=chargerShield Member=Component LED_full LED_SMD_Hg
Added Member To Class: ClassName=chargerShield Member=Component Q1 IRF5801
Added Member To Class: ClassName=chargerShield Member=Component R3 resistor
Added Member To Class: ClassName=chargerShield Member=Component R4 resistor
Added Member To Class: ClassName=chargerShield Member=Component R5 resistor
Added Member To Class: ClassName=chargerShield Member=Component U2 LM311D
