Removed Pin From Net: NetName=NetLED_charge_1 Pin=CHRG-1
Removed Pin From Net: NetName=GND Pin=J1-12v-1
Removed Pin From Net: NetName=VCC Pin=J1-12v-2
Removed Pin From Net: NetName=NetQ1_4 Pin=Q1-4
Removed Pin From Net: NetName=GND Pin=R4-1
Removed Pin From Net: NetName=GND Pin=R5-1
Removed Pin From Net: NetName=NetC1_1 Pin=U1-2
Removed Pin From Net: NetName=NetQ1_1 Pin=U1-3
Removed Member From Class: ClassName=chargerShield Member=CHRG
Removed Member From Class: ClassName=chargerShield Member=J1-12v
Removed Member From Class: ClassName=chargerShield Member=R4
Change Component DesignItemId : Designator=hd40 Old DesignItemId=header_cognitiveNGD_shields New DesignItemId=header_cognitiveNGD
Change Component Comment : Designator=hd40 Old Comment=header_cognitiveNGD_shields New Comment=header_cognitiveNGD_shield
Change Component Designator: OldDesignator=RDY NewDesignator=LED_full
Change Component Library : Designator=hd40 Old Library=agus_lib.IntLib New Library=PlacaBase_agus.SCHLIB
Added Pin To Net: NetName=GND Pin=Q1-4
Added Pin To Net: NetName=NetQ1_1 Pin=R5-1
Added Pin To Net: NetName=NetQ1_4 Pin=U1-2
Added Pin To Net: NetName=NetC1_1 Pin=U1-3
Added Pin To Net: NetName=GND Pin=U2-1
Change Net Name : Old Net Name=NetLED_charge_1 New Net Name=NetLED_full_2
Change Net Name : Old Net Name=NetQ1_4 New Net Name=NetR5_2
Added Member To Class: ClassName=chargerShield Member=Component R5 resistor
Added Room: Name=chargerShield
